<?xml version="1.0" encoding="UTF-8"?>
<!-- Generated by org.testng.reporters.JUnitReportReporter -->
<testsuite hostname="Masum" failures="0" tests="1" name="com.DemoAutomationBank.testing.ChromeLaunch" time="8.023" errors="0" timestamp="2024-01-08T20:20:39 IST" skipped="0">
  <testcase classname="com.DemoAutomationBank.testing.ChromeLaunch" name="myTestMethod" time="8.023"/>
  <system-out/>
</testsuite> <!-- com.DemoAutomationBank.testing.ChromeLaunch -->
