<?xml version="1.0" encoding="UTF-8"?>
<!-- Generated by org.testng.reporters.JUnitReportReporter -->
<testsuite hostname="Masum" failures="0" tests="1" name="com.DemoAutomationBank.testCases.CustomerLogin_TestCase" time="6.300" errors="0" timestamp="2024-01-09T21:45:09 IST" skipped="0">
  <testcase classname="com.DemoAutomationBank.testCases.CustomerLogin_TestCase" name="CustomerLoginValidDetailsTest" time="6.300"/>
</testsuite> <!-- com.DemoAutomationBank.testCases.CustomerLogin_TestCase -->
