<?xml version="1.0" encoding="UTF-8"?>
<!-- Generated by org.testng.reporters.JUnitReportReporter -->
<testsuite hostname="Masum" failures="0" tests="155" name="com.DemoAutomationBank.testCases.CustomerLogin_TestCase" time="851.186" errors="0" timestamp="2024-01-10T01:05:45 IST" skipped="0">
  <testcase classname="com.DemoAutomationBank.testCases.CustomerLogin_TestCase" name="CustomerLoginValidDetailsTest" time="5.408"/>
  <testcase classname="com.DemoAutomationBank.testCases.CustomerLogin_TestCase" name="CustomerLoginValidDetailsTest" time="5.637"/>
  <testcase classname="com.DemoAutomationBank.testCases.CustomerLogin_TestCase" name="CustomerLoginValidDetailsTest" time="5.459"/>
  <testcase classname="com.DemoAutomationBank.testCases.CustomerLogin_TestCase" name="CustomerLoginValidDetailsTest" time="5.525"/>
  <testcase classname="com.DemoAutomationBank.testCases.CustomerLogin_TestCase" name="CustomerLoginValidDetailsTest" time="5.463"/>
  <testcase classname="com.DemoAutomationBank.testCases.CustomerLogin_TestCase" name="CustomerLoginValidDetailsTest" time="5.497"/>
  <testcase classname="com.DemoAutomationBank.testCases.CustomerLogin_TestCase" name="CustomerLoginValidDetailsTest" time="5.495"/>
  <testcase classname="com.DemoAutomationBank.testCases.CustomerLogin_TestCase" name="CustomerLoginValidDetailsTest" time="5.574"/>
  <testcase classname="com.DemoAutomationBank.testCases.CustomerLogin_TestCase" name="CustomerLoginValidDetailsTest" time="5.477"/>
  <testcase classname="com.DemoAutomationBank.testCases.CustomerLogin_TestCase" name="CustomerLoginValidDetailsTest" time="5.640"/>
  <testcase classname="com.DemoAutomationBank.testCases.CustomerLogin_TestCase" name="CustomerLoginValidDetailsTest" time="5.478"/>
  <testcase classname="com.DemoAutomationBank.testCases.CustomerLogin_TestCase" name="CustomerLoginValidDetailsTest" time="5.493"/>
  <testcase classname="com.DemoAutomationBank.testCases.CustomerLogin_TestCase" name="CustomerLoginValidDetailsTest" time="5.464"/>
  <testcase classname="com.DemoAutomationBank.testCases.CustomerLogin_TestCase" name="CustomerLoginValidDetailsTest" time="5.464"/>
  <testcase classname="com.DemoAutomationBank.testCases.CustomerLogin_TestCase" name="CustomerLoginValidDetailsTest" time="5.625"/>
  <testcase classname="com.DemoAutomationBank.testCases.CustomerLogin_TestCase" name="CustomerLoginValidDetailsTest" time="5.430"/>
  <testcase classname="com.DemoAutomationBank.testCases.CustomerLogin_TestCase" name="CustomerLoginValidDetailsTest" time="5.462"/>
  <testcase classname="com.DemoAutomationBank.testCases.CustomerLogin_TestCase" name="CustomerLoginValidDetailsTest" time="5.452"/>
  <testcase classname="com.DemoAutomationBank.testCases.CustomerLogin_TestCase" name="CustomerLoginValidDetailsTest" time="5.442"/>
  <testcase classname="com.DemoAutomationBank.testCases.CustomerLogin_TestCase" name="CustomerLoginValidDetailsTest" time="5.591"/>
  <testcase classname="com.DemoAutomationBank.testCases.CustomerLogin_TestCase" name="CustomerLoginValidDetailsTest" time="5.554"/>
  <testcase classname="com.DemoAutomationBank.testCases.CustomerLogin_TestCase" name="CustomerLoginValidDetailsTest" time="5.322"/>
  <testcase classname="com.DemoAutomationBank.testCases.CustomerLogin_TestCase" name="CustomerLoginValidDetailsTest" time="5.691"/>
  <testcase classname="com.DemoAutomationBank.testCases.CustomerLogin_TestCase" name="CustomerLoginValidDetailsTest" time="5.489"/>
  <testcase classname="com.DemoAutomationBank.testCases.CustomerLogin_TestCase" name="CustomerLoginValidDetailsTest" time="5.466"/>
  <testcase classname="com.DemoAutomationBank.testCases.CustomerLogin_TestCase" name="CustomerLoginValidDetailsTest" time="5.487"/>
  <testcase classname="com.DemoAutomationBank.testCases.CustomerLogin_TestCase" name="CustomerLoginValidDetailsTest" time="5.732"/>
  <testcase classname="com.DemoAutomationBank.testCases.CustomerLogin_TestCase" name="CustomerLoginValidDetailsTest" time="5.493"/>
  <testcase classname="com.DemoAutomationBank.testCases.CustomerLogin_TestCase" name="CustomerLoginValidDetailsTest" time="5.363"/>
  <testcase classname="com.DemoAutomationBank.testCases.CustomerLogin_TestCase" name="CustomerLoginValidDetailsTest" time="5.492"/>
  <testcase classname="com.DemoAutomationBank.testCases.CustomerLogin_TestCase" name="CustomerLoginValidDetailsTest" time="5.530"/>
  <testcase classname="com.DemoAutomationBank.testCases.CustomerLogin_TestCase" name="CustomerLoginValidDetailsTest" time="5.440"/>
  <testcase classname="com.DemoAutomationBank.testCases.CustomerLogin_TestCase" name="CustomerLoginValidDetailsTest" time="5.440"/>
  <testcase classname="com.DemoAutomationBank.testCases.CustomerLogin_TestCase" name="CustomerLoginValidDetailsTest" time="5.656"/>
  <testcase classname="com.DemoAutomationBank.testCases.CustomerLogin_TestCase" name="CustomerLoginValidDetailsTest" time="5.434"/>
  <testcase classname="com.DemoAutomationBank.testCases.CustomerLogin_TestCase" name="CustomerLoginValidDetailsTest" time="5.467"/>
  <testcase classname="com.DemoAutomationBank.testCases.CustomerLogin_TestCase" name="CustomerLoginValidDetailsTest" time="5.497"/>
  <testcase classname="com.DemoAutomationBank.testCases.CustomerLogin_TestCase" name="CustomerLoginValidDetailsTest" time="5.571"/>
  <testcase classname="com.DemoAutomationBank.testCases.CustomerLogin_TestCase" name="CustomerLoginValidDetailsTest" time="5.460"/>
  <testcase classname="com.DemoAutomationBank.testCases.CustomerLogin_TestCase" name="CustomerLoginValidDetailsTest" time="5.457"/>
  <testcase classname="com.DemoAutomationBank.testCases.CustomerLogin_TestCase" name="CustomerLoginValidDetailsTest" time="5.435"/>
  <testcase classname="com.DemoAutomationBank.testCases.CustomerLogin_TestCase" name="CustomerLoginValidDetailsTest" time="5.632"/>
  <testcase classname="com.DemoAutomationBank.testCases.CustomerLogin_TestCase" name="CustomerLoginValidDetailsTest" time="5.467"/>
  <testcase classname="com.DemoAutomationBank.testCases.CustomerLogin_TestCase" name="CustomerLoginValidDetailsTest" time="5.578"/>
  <testcase classname="com.DemoAutomationBank.testCases.CustomerLogin_TestCase" name="CustomerLoginValidDetailsTest" time="5.522"/>
  <testcase classname="com.DemoAutomationBank.testCases.CustomerLogin_TestCase" name="CustomerLoginValidDetailsTest" time="5.410"/>
  <testcase classname="com.DemoAutomationBank.testCases.CustomerLogin_TestCase" name="CustomerLoginValidDetailsTest" time="5.490"/>
  <testcase classname="com.DemoAutomationBank.testCases.CustomerLogin_TestCase" name="CustomerLoginValidDetailsTest" time="5.455"/>
  <testcase classname="com.DemoAutomationBank.testCases.CustomerLogin_TestCase" name="CustomerLoginValidDetailsTest" time="5.662"/>
  <testcase classname="com.DemoAutomationBank.testCases.CustomerLogin_TestCase" name="CustomerLoginValidDetailsTest" time="5.426"/>
  <testcase classname="com.DemoAutomationBank.testCases.CustomerLogin_TestCase" name="CustomerLoginValidDetailsTest" time="5.464"/>
  <testcase classname="com.DemoAutomationBank.testCases.CustomerLogin_TestCase" name="CustomerLoginValidDetailsTest" time="5.419"/>
  <testcase classname="com.DemoAutomationBank.testCases.CustomerLogin_TestCase" name="CustomerLoginValidDetailsTest" time="5.481"/>
  <testcase classname="com.DemoAutomationBank.testCases.CustomerLogin_TestCase" name="CustomerLoginValidDetailsTest" time="5.450"/>
  <testcase classname="com.DemoAutomationBank.testCases.CustomerLogin_TestCase" name="CustomerLoginValidDetailsTest" time="5.432"/>
  <testcase classname="com.DemoAutomationBank.testCases.CustomerLogin_TestCase" name="CustomerLoginValidDetailsTest" time="5.475"/>
  <testcase classname="com.DemoAutomationBank.testCases.CustomerLogin_TestCase" name="CustomerLoginValidDetailsTest" time="5.343"/>
  <testcase classname="com.DemoAutomationBank.testCases.CustomerLogin_TestCase" name="CustomerLoginValidDetailsTest" time="5.350"/>
  <testcase classname="com.DemoAutomationBank.testCases.CustomerLogin_TestCase" name="CustomerLoginValidDetailsTest" time="5.482"/>
  <testcase classname="com.DemoAutomationBank.testCases.CustomerLogin_TestCase" name="CustomerLoginValidDetailsTest" time="5.459"/>
  <testcase classname="com.DemoAutomationBank.testCases.CustomerLogin_TestCase" name="CustomerLoginValidDetailsTest" time="5.464"/>
  <testcase classname="com.DemoAutomationBank.testCases.CustomerLogin_TestCase" name="CustomerLoginValidDetailsTest" time="5.432"/>
  <testcase classname="com.DemoAutomationBank.testCases.CustomerLogin_TestCase" name="CustomerLoginValidDetailsTest" time="5.484"/>
  <testcase classname="com.DemoAutomationBank.testCases.CustomerLogin_TestCase" name="CustomerLoginValidDetailsTest" time="5.575"/>
  <testcase classname="com.DemoAutomationBank.testCases.CustomerLogin_TestCase" name="CustomerLoginValidDetailsTest" time="5.408"/>
  <testcase classname="com.DemoAutomationBank.testCases.CustomerLogin_TestCase" name="CustomerLoginValidDetailsTest" time="5.478"/>
  <testcase classname="com.DemoAutomationBank.testCases.CustomerLogin_TestCase" name="CustomerLoginValidDetailsTest" time="5.471"/>
  <testcase classname="com.DemoAutomationBank.testCases.CustomerLogin_TestCase" name="CustomerLoginValidDetailsTest" time="5.704"/>
  <testcase classname="com.DemoAutomationBank.testCases.CustomerLogin_TestCase" name="CustomerLoginValidDetailsTest" time="5.427"/>
  <testcase classname="com.DemoAutomationBank.testCases.CustomerLogin_TestCase" name="CustomerLoginValidDetailsTest" time="5.518"/>
  <testcase classname="com.DemoAutomationBank.testCases.CustomerLogin_TestCase" name="CustomerLoginValidDetailsTest" time="5.469"/>
  <testcase classname="com.DemoAutomationBank.testCases.CustomerLogin_TestCase" name="CustomerLoginValidDetailsTest" time="5.616"/>
  <testcase classname="com.DemoAutomationBank.testCases.CustomerLogin_TestCase" name="CustomerLoginValidDetailsTest" time="5.498"/>
  <testcase classname="com.DemoAutomationBank.testCases.CustomerLogin_TestCase" name="CustomerLoginValidDetailsTest" time="5.403"/>
  <testcase classname="com.DemoAutomationBank.testCases.CustomerLogin_TestCase" name="CustomerLoginValidDetailsTest" time="5.580"/>
  <testcase classname="com.DemoAutomationBank.testCases.CustomerLogin_TestCase" name="CustomerLoginValidDetailsTest" time="5.462"/>
  <testcase classname="com.DemoAutomationBank.testCases.CustomerLogin_TestCase" name="CustomerLoginValidDetailsTest" time="5.437"/>
  <testcase classname="com.DemoAutomationBank.testCases.CustomerLogin_TestCase" name="CustomerLoginValidDetailsTest" time="5.493"/>
  <testcase classname="com.DemoAutomationBank.testCases.CustomerLogin_TestCase" name="CustomerLoginValidDetailsTest" time="5.508"/>
  <testcase classname="com.DemoAutomationBank.testCases.CustomerLogin_TestCase" name="CustomerLoginValidDetailsTest" time="5.488"/>
  <testcase classname="com.DemoAutomationBank.testCases.CustomerLogin_TestCase" name="CustomerLoginValidDetailsTest" time="5.418"/>
  <testcase classname="com.DemoAutomationBank.testCases.CustomerLogin_TestCase" name="CustomerLoginValidDetailsTest" time="5.662"/>
  <testcase classname="com.DemoAutomationBank.testCases.CustomerLogin_TestCase" name="CustomerLoginValidDetailsTest" time="5.551"/>
  <testcase classname="com.DemoAutomationBank.testCases.CustomerLogin_TestCase" name="CustomerLoginValidDetailsTest" time="5.555"/>
  <testcase classname="com.DemoAutomationBank.testCases.CustomerLogin_TestCase" name="CustomerLoginValidDetailsTest" time="5.441"/>
  <testcase classname="com.DemoAutomationBank.testCases.CustomerLogin_TestCase" name="CustomerLoginValidDetailsTest" time="5.849"/>
  <testcase classname="com.DemoAutomationBank.testCases.CustomerLogin_TestCase" name="CustomerLoginValidDetailsTest" time="5.413"/>
  <testcase classname="com.DemoAutomationBank.testCases.CustomerLogin_TestCase" name="CustomerLoginValidDetailsTest" time="5.482"/>
  <testcase classname="com.DemoAutomationBank.testCases.CustomerLogin_TestCase" name="CustomerLoginValidDetailsTest" time="5.418"/>
  <testcase classname="com.DemoAutomationBank.testCases.CustomerLogin_TestCase" name="CustomerLoginValidDetailsTest" time="5.422"/>
  <testcase classname="com.DemoAutomationBank.testCases.CustomerLogin_TestCase" name="CustomerLoginValidDetailsTest" time="5.474"/>
  <testcase classname="com.DemoAutomationBank.testCases.CustomerLogin_TestCase" name="CustomerLoginValidDetailsTest" time="5.368"/>
  <testcase classname="com.DemoAutomationBank.testCases.CustomerLogin_TestCase" name="CustomerLoginValidDetailsTest" time="5.457"/>
  <testcase classname="com.DemoAutomationBank.testCases.CustomerLogin_TestCase" name="CustomerLoginValidDetailsTest" time="5.515"/>
  <testcase classname="com.DemoAutomationBank.testCases.CustomerLogin_TestCase" name="CustomerLoginValidDetailsTest" time="5.496"/>
  <testcase classname="com.DemoAutomationBank.testCases.CustomerLogin_TestCase" name="CustomerLoginValidDetailsTest" time="5.684"/>
  <testcase classname="com.DemoAutomationBank.testCases.CustomerLogin_TestCase" name="CustomerLoginValidDetailsTest" time="5.515"/>
  <testcase classname="com.DemoAutomationBank.testCases.CustomerLogin_TestCase" name="CustomerLoginValidDetailsTest" time="5.483"/>
  <testcase classname="com.DemoAutomationBank.testCases.CustomerLogin_TestCase" name="CustomerLoginValidDetailsTest" time="5.489"/>
  <testcase classname="com.DemoAutomationBank.testCases.CustomerLogin_TestCase" name="CustomerLoginValidDetailsTest" time="5.581"/>
  <testcase classname="com.DemoAutomationBank.testCases.CustomerLogin_TestCase" name="CustomerLoginValidDetailsTest" time="5.570"/>
  <testcase classname="com.DemoAutomationBank.testCases.CustomerLogin_TestCase" name="CustomerLoginValidDetailsTest" time="5.455"/>
  <testcase classname="com.DemoAutomationBank.testCases.CustomerLogin_TestCase" name="CustomerLoginValidDetailsTest" time="5.537"/>
  <testcase classname="com.DemoAutomationBank.testCases.CustomerLogin_TestCase" name="CustomerLoginValidDetailsTest" time="5.450"/>
  <testcase classname="com.DemoAutomationBank.testCases.CustomerLogin_TestCase" name="CustomerLoginValidDetailsTest" time="5.429"/>
  <testcase classname="com.DemoAutomationBank.testCases.CustomerLogin_TestCase" name="CustomerLoginValidDetailsTest" time="5.471"/>
  <testcase classname="com.DemoAutomationBank.testCases.CustomerLogin_TestCase" name="CustomerLoginValidDetailsTest" time="5.417"/>
  <testcase classname="com.DemoAutomationBank.testCases.CustomerLogin_TestCase" name="CustomerLoginValidDetailsTest" time="5.575"/>
  <testcase classname="com.DemoAutomationBank.testCases.CustomerLogin_TestCase" name="CustomerLoginValidDetailsTest" time="5.436"/>
  <testcase classname="com.DemoAutomationBank.testCases.CustomerLogin_TestCase" name="CustomerLoginValidDetailsTest" time="5.509"/>
  <testcase classname="com.DemoAutomationBank.testCases.CustomerLogin_TestCase" name="CustomerLoginValidDetailsTest" time="5.414"/>
  <testcase classname="com.DemoAutomationBank.testCases.CustomerLogin_TestCase" name="CustomerLoginValidDetailsTest" time="5.460"/>
  <testcase classname="com.DemoAutomationBank.testCases.CustomerLogin_TestCase" name="CustomerLoginValidDetailsTest" time="5.699"/>
  <testcase classname="com.DemoAutomationBank.testCases.CustomerLogin_TestCase" name="CustomerLoginValidDetailsTest" time="5.479"/>
  <testcase classname="com.DemoAutomationBank.testCases.CustomerLogin_TestCase" name="CustomerLoginValidDetailsTest" time="5.541"/>
  <testcase classname="com.DemoAutomationBank.testCases.CustomerLogin_TestCase" name="CustomerLoginValidDetailsTest" time="5.331"/>
  <testcase classname="com.DemoAutomationBank.testCases.CustomerLogin_TestCase" name="CustomerLoginValidDetailsTest" time="5.488"/>
  <testcase classname="com.DemoAutomationBank.testCases.CustomerLogin_TestCase" name="CustomerLoginValidDetailsTest" time="5.673"/>
  <testcase classname="com.DemoAutomationBank.testCases.CustomerLogin_TestCase" name="CustomerLoginValidDetailsTest" time="5.333"/>
  <testcase classname="com.DemoAutomationBank.testCases.CustomerLogin_TestCase" name="CustomerLoginValidDetailsTest" time="5.487"/>
  <testcase classname="com.DemoAutomationBank.testCases.CustomerLogin_TestCase" name="CustomerLoginValidDetailsTest" time="5.616"/>
  <testcase classname="com.DemoAutomationBank.testCases.CustomerLogin_TestCase" name="CustomerLoginValidDetailsTest" time="5.614"/>
  <testcase classname="com.DemoAutomationBank.testCases.CustomerLogin_TestCase" name="CustomerLoginValidDetailsTest" time="5.480"/>
  <testcase classname="com.DemoAutomationBank.testCases.CustomerLogin_TestCase" name="CustomerLoginValidDetailsTest" time="5.460"/>
  <testcase classname="com.DemoAutomationBank.testCases.CustomerLogin_TestCase" name="CustomerLoginValidDetailsTest" time="5.527"/>
  <testcase classname="com.DemoAutomationBank.testCases.CustomerLogin_TestCase" name="CustomerLoginValidDetailsTest" time="5.431"/>
  <testcase classname="com.DemoAutomationBank.testCases.CustomerLogin_TestCase" name="CustomerLoginValidDetailsTest" time="5.429"/>
  <testcase classname="com.DemoAutomationBank.testCases.CustomerLogin_TestCase" name="CustomerLoginValidDetailsTest" time="5.513"/>
  <testcase classname="com.DemoAutomationBank.testCases.CustomerLogin_TestCase" name="CustomerLoginValidDetailsTest" time="5.300"/>
  <testcase classname="com.DemoAutomationBank.testCases.CustomerLogin_TestCase" name="CustomerLoginValidDetailsTest" time="5.440"/>
  <testcase classname="com.DemoAutomationBank.testCases.CustomerLogin_TestCase" name="CustomerLoginValidDetailsTest" time="5.484"/>
  <testcase classname="com.DemoAutomationBank.testCases.CustomerLogin_TestCase" name="CustomerLoginValidDetailsTest" time="5.438"/>
  <testcase classname="com.DemoAutomationBank.testCases.CustomerLogin_TestCase" name="CustomerLoginValidDetailsTest" time="5.472"/>
  <testcase classname="com.DemoAutomationBank.testCases.CustomerLogin_TestCase" name="CustomerLoginValidDetailsTest" time="5.481"/>
  <testcase classname="com.DemoAutomationBank.testCases.CustomerLogin_TestCase" name="CustomerLoginValidDetailsTest" time="5.491"/>
  <testcase classname="com.DemoAutomationBank.testCases.CustomerLogin_TestCase" name="CustomerLoginValidDetailsTest" time="5.333"/>
  <testcase classname="com.DemoAutomationBank.testCases.CustomerLogin_TestCase" name="CustomerLoginValidDetailsTest" time="5.431"/>
  <testcase classname="com.DemoAutomationBank.testCases.CustomerLogin_TestCase" name="CustomerLoginValidDetailsTest" time="5.459"/>
  <testcase classname="com.DemoAutomationBank.testCases.CustomerLogin_TestCase" name="CustomerLoginValidDetailsTest" time="5.396"/>
  <testcase classname="com.DemoAutomationBank.testCases.CustomerLogin_TestCase" name="CustomerLoginValidDetailsTest" time="5.454"/>
  <testcase classname="com.DemoAutomationBank.testCases.CustomerLogin_TestCase" name="CustomerLoginValidDetailsTest" time="5.616"/>
  <testcase classname="com.DemoAutomationBank.testCases.CustomerLogin_TestCase" name="CustomerLoginValidDetailsTest" time="5.470"/>
  <testcase classname="com.DemoAutomationBank.testCases.CustomerLogin_TestCase" name="CustomerLoginValidDetailsTest" time="5.512"/>
  <testcase classname="com.DemoAutomationBank.testCases.CustomerLogin_TestCase" name="CustomerLoginValidDetailsTest" time="5.560"/>
  <testcase classname="com.DemoAutomationBank.testCases.CustomerLogin_TestCase" name="CustomerLoginValidDetailsTest" time="5.453"/>
  <testcase classname="com.DemoAutomationBank.testCases.CustomerLogin_TestCase" name="CustomerLoginValidDetailsTest" time="5.467"/>
  <testcase classname="com.DemoAutomationBank.testCases.CustomerLogin_TestCase" name="CustomerLoginValidDetailsTest" time="5.437"/>
  <testcase classname="com.DemoAutomationBank.testCases.CustomerLogin_TestCase" name="CustomerLoginValidDetailsTest" time="5.488"/>
  <testcase classname="com.DemoAutomationBank.testCases.CustomerLogin_TestCase" name="CustomerLoginValidDetailsTest" time="5.411"/>
  <testcase classname="com.DemoAutomationBank.testCases.CustomerLogin_TestCase" name="CustomerLoginValidDetailsTest" time="5.495"/>
  <testcase classname="com.DemoAutomationBank.testCases.CustomerLogin_TestCase" name="CustomerLoginValidDetailsTest" time="5.474"/>
  <testcase classname="com.DemoAutomationBank.testCases.CustomerLogin_TestCase" name="CustomerLoginValidDetailsTest" time="5.520"/>
  <testcase classname="com.DemoAutomationBank.testCases.CustomerLogin_TestCase" name="CustomerLoginValidDetailsTest" time="5.509"/>
  <testcase classname="com.DemoAutomationBank.testCases.CustomerLogin_TestCase" name="CustomerLoginValidDetailsTest" time="5.337"/>
  <testcase classname="com.DemoAutomationBank.testCases.CustomerLogin_TestCase" name="CustomerLoginValidDetailsTest" time="5.697"/>
</testsuite> <!-- com.DemoAutomationBank.testCases.CustomerLogin_TestCase -->
