<?xml version="1.0" encoding="UTF-8"?>
<!-- Generated by org.testng.reporters.JUnitReportReporter -->
<testsuite hostname="Masum" failures="0" tests="1" name="com.DemoAutomationBank.testCases.InsurancesRegister" time="30.387" errors="0" timestamp="2024-02-02T18:27:32 IST" skipped="0">
  <testcase classname="com.DemoAutomationBank.testCases.InsurancesRegister" name="registerInsurance" time="30.387"/>
</testsuite> <!-- com.DemoAutomationBank.testCases.InsurancesRegister -->
