<?xml version="1.0" encoding="UTF-8"?>
<!-- Generated by org.testng.reporters.JUnitReportReporter -->
<testsuite hostname="Masum" failures="0" tests="1" name="com.DemoAutomationBank.testCases.InsurancesRegister" time="33.879" errors="0" timestamp="2024-01-31T21:56:59 IST" skipped="0">
  <testcase classname="com.DemoAutomationBank.testCases.InsurancesRegister" name="registerInsurance" time="33.879"/>
</testsuite> <!-- com.DemoAutomationBank.testCases.InsurancesRegister -->
